<?xml version="1.0" encoding="UTF-8"?>
<testsuite name="ClasedePrueba" tests="1" skipped="0" failures="0" errors="0" timestamp="2021-02-21T18:28:20" hostname="LAPTOP-UU1M9U8A" time="0.043">
  <properties/>
  <testcase name="shouldAllowRegisterAStudent()" classname="ClasedePrueba" time="0.043"/>
  <system-out><![CDATA[]]></system-out>
  <system-err><![CDATA[]]></system-err>
</testsuite>
